<?xml version="1.0" encoding="UTF-8"?>
<!-- Generated by org.testng.reporters.JUnitXMLReporter -->
<testsuite hostname="GI-DT-NOC11" name="Test" tests="5" failures="0" timestamp="9 Mar 2020 22:56:23 GMT" time="23.423" errors="0">
  <testcase name="Train_SRP_Page" time="0.11" classname="ProjectTrain.Goibibo_Train_Vertical.Goibibo_Train_Vertical"/>
  <testcase name="IRCTC_User_Details_POPup" time="0.734" classname="ProjectTrain.Goibibo_Train_Vertical.Goibibo_Train_Vertical"/>
  <testcase name="Train_Review_page" time="1.585" classname="ProjectTrain.Goibibo_Train_Vertical.Goibibo_Train_Vertical"/>
  <testcase name="Train_offers_page" time="0.486" classname="ProjectTrain.Goibibo_Train_Vertical.Goibibo_Train_Vertical"/>
  <testcase name="payment_page" time="6.014" classname="ProjectTrain.Goibibo_Train_Vertical.Goibibo_Train_Vertical"/>
</testsuite> <!-- Test -->
