<?xml version="1.0" encoding="UTF-8"?>
<testng-results skipped="0" failed="0" total="5" passed="5">
  <reporter-output>
  </reporter-output>
  <suite name="Suite" duration-ms="23423" started-at="2020-03-10T04:26:00Z" finished-at="2020-03-10T04:26:23Z">
    <groups>
    </groups>
    <test name="Test" duration-ms="23423" started-at="2020-03-10T04:26:00Z" finished-at="2020-03-10T04:26:23Z">
      <class name="ProjectTrain.Goibibo_Train_Vertical.Goibibo_Train_Vertical">
        <test-method status="PASS" signature="beforeClass()[pri:0, instance:ProjectTrain.Goibibo_Train_Vertical.Goibibo_Train_Vertical@255b53dc]" name="beforeClass" is-config="true" duration-ms="12605" started-at="2020-03-10T04:26:00Z" finished-at="2020-03-10T04:26:12Z">
        </test-method> <!-- beforeClass -->
        <test-method status="PASS" signature="Train_SRP_Page()[pri:0, instance:ProjectTrain.Goibibo_Train_Vertical.Goibibo_Train_Vertical@255b53dc]" name="Train_SRP_Page" duration-ms="110" started-at="2020-03-10T04:26:12Z" finished-at="2020-03-10T04:26:12Z">
        </test-method> <!-- Train_SRP_Page -->
        <test-method status="PASS" signature="IRCTC_User_Details_POPup()[pri:1, instance:ProjectTrain.Goibibo_Train_Vertical.Goibibo_Train_Vertical@255b53dc]" name="IRCTC_User_Details_POPup" duration-ms="734" started-at="2020-03-10T04:26:12Z" finished-at="2020-03-10T04:26:13Z">
        </test-method> <!-- IRCTC_User_Details_POPup -->
        <test-method status="PASS" signature="Train_Review_page()[pri:2, instance:ProjectTrain.Goibibo_Train_Vertical.Goibibo_Train_Vertical@255b53dc]" name="Train_Review_page" duration-ms="1585" started-at="2020-03-10T04:26:13Z" finished-at="2020-03-10T04:26:15Z">
        </test-method> <!-- Train_Review_page -->
        <test-method status="PASS" signature="Train_offers_page()[pri:3, instance:ProjectTrain.Goibibo_Train_Vertical.Goibibo_Train_Vertical@255b53dc]" name="Train_offers_page" duration-ms="486" started-at="2020-03-10T04:26:15Z" finished-at="2020-03-10T04:26:15Z">
        </test-method> <!-- Train_offers_page -->
        <test-method status="PASS" signature="payment_page()[pri:4, instance:ProjectTrain.Goibibo_Train_Vertical.Goibibo_Train_Vertical@255b53dc]" name="payment_page" duration-ms="6014" started-at="2020-03-10T04:26:15Z" finished-at="2020-03-10T04:26:21Z">
        </test-method> <!-- payment_page -->
        <test-method status="PASS" signature="afterClass()[pri:0, instance:ProjectTrain.Goibibo_Train_Vertical.Goibibo_Train_Vertical@255b53dc]" name="afterClass" is-config="true" duration-ms="1878" started-at="2020-03-10T04:26:21Z" finished-at="2020-03-10T04:26:23Z">
        </test-method> <!-- afterClass -->
      </class> <!-- ProjectTrain.Goibibo_Train_Vertical.Goibibo_Train_Vertical -->
    </test> <!-- Test -->
  </suite> <!-- Suite -->
</testng-results>
